\BOOKMARK [0][-]{chapter.1}{The Project}{}% 1
\BOOKMARK [1][-]{section.1.1}{Overview}{chapter.1}% 2
\BOOKMARK [1][-]{section.1.2}{Features}{chapter.1}% 3
\BOOKMARK [1][-]{section.1.3}{Requirements}{chapter.1}% 4
\BOOKMARK [1][-]{section.1.4}{Installation}{chapter.1}% 5
\BOOKMARK [1][-]{section.1.5}{References}{chapter.1}% 6
\BOOKMARK [0][-]{chapter.2}{First-steps guide}{}% 7
\BOOKMARK [1][-]{section.2.1}{Launching the box for the first time}{chapter.2}% 8
\BOOKMARK [1][-]{section.2.2}{Managing devices}{chapter.2}% 9
\BOOKMARK [1][-]{section.2.3}{Scenarios setup}{chapter.2}% 10
\BOOKMARK [0][-]{chapter.3}{API}{}% 11
\BOOKMARK [1][-]{section.3.1}{Kernel}{chapter.3}% 12
\BOOKMARK [1][-]{section.3.2}{Models}{chapter.3}% 13
\BOOKMARK [1][-]{section.3.3}{Scenario}{chapter.3}% 14
\BOOKMARK [0][-]{chapter.4}{Implementation examples}{}% 15
\BOOKMARK [1][-]{section.4.1}{Protocols}{chapter.4}% 16
\BOOKMARK [1][-]{section.4.2}{Drivers}{chapter.4}% 17
\BOOKMARK [0][-]{chapter.5}{Software running on the Arduino}{}% 18
\BOOKMARK [1][-]{section.5.1}{Radio reception}{chapter.5}% 19
\BOOKMARK [1][-]{section.5.2}{Radio transmission}{chapter.5}% 20
\BOOKMARK [1][-]{section.5.3}{Communication with the computer}{chapter.5}% 21
\BOOKMARK [0][-]{chapter.6}{Proprietary protocols documentation}{}% 22
\BOOKMARK [1][-]{section.6.1}{Nexa}{chapter.6}% 23
\BOOKMARK [1][-]{section.6.2}{Oregon}{chapter.6}% 24
\BOOKMARK [0][-]{chapter.7}{Appendix}{}% 25
\BOOKMARK [1][-]{section.7.1}{FAQ}{chapter.7}% 26
\BOOKMARK [1][-]{section.7.2}{Licence}{chapter.7}% 27
\BOOKMARK [0][-]{section*.67}{Index}{}% 28
